<?xml version="1.0" encoding="UTF-8"?>
<!-- Generated by org.testng.reporters.JUnitXMLReporter -->
<testsuite ignored="0" hostname="DESKTOP-75IO2JR" failures="0" tests="2" name="Default test" time="15.366" errors="0" timestamp="2023-01-08T12:48:01 ULAT">
  <testcase classname="com.dsalgo.qa.testcases.GetStartedButtonTest" name="GetstartedPageTitleTest" time="0.033"/>
  <testcase classname="com.dsalgo.qa.testcases.GetStartedButtonTest" name="gstest" time="1.653"/>
</testsuite> <!-- Default test -->
