<?xml version="1.0" encoding="UTF-8"?>
<testng-results ignored="0" total="2" passed="2" failed="0" skipped="0">
  <reporter-output>
  </reporter-output>
  <suite started-at="2023-01-08T12:47:45 ULAT" name="Default suite" finished-at="2023-01-08T12:48:01 ULAT" duration-ms="15366">
    <groups>
    </groups>
    <test started-at="2023-01-08T12:47:45 ULAT" name="Default test" finished-at="2023-01-08T12:48:01 ULAT" duration-ms="15366">
      <class name="com.dsalgo.qa.testcases.GetStartedButtonTest">
        <test-method is-config="true" signature="setup()[pri:0, instance:com.dsalgo.qa.testcases.GetStartedButtonTest@121314f7]" started-at="2023-01-08T12:47:45 ULAT" name="setup" finished-at="2023-01-08T12:47:55 ULAT" duration-ms="9372" status="PASS">
          <reporter-output>
          </reporter-output>
        </test-method> <!-- setup -->
        <test-method signature="GetstartedPageTitleTest()[pri:1, instance:com.dsalgo.qa.testcases.GetStartedButtonTest@121314f7]" started-at="2023-01-08T12:47:55 ULAT" name="GetstartedPageTitleTest" finished-at="2023-01-08T12:47:55 ULAT" duration-ms="33" status="PASS">
          <reporter-output>
          </reporter-output>
        </test-method> <!-- GetstartedPageTitleTest -->
        <test-method is-config="true" signature="setup()[pri:0, instance:com.dsalgo.qa.testcases.GetStartedButtonTest@121314f7]" started-at="2023-01-08T12:47:55 ULAT" name="setup" finished-at="2023-01-08T12:47:59 ULAT" duration-ms="4189" status="PASS">
          <reporter-output>
          </reporter-output>
        </test-method> <!-- setup -->
        <test-method signature="gstest()[pri:2, instance:com.dsalgo.qa.testcases.GetStartedButtonTest@121314f7]" started-at="2023-01-08T12:47:59 ULAT" name="gstest" finished-at="2023-01-08T12:48:01 ULAT" duration-ms="1653" status="PASS">
          <reporter-output>
          </reporter-output>
        </test-method> <!-- gstest -->
      </class> <!-- com.dsalgo.qa.testcases.GetStartedButtonTest -->
    </test> <!-- Default test -->
  </suite> <!-- Default suite -->
</testng-results>
